Flow report for multi_cycle
Thu Jun 27 08:45:45 2024
Quartus II Version 9.0 Build 132 02/25/2009 SJ Full Version


---------------------
; Table of Contents ;
---------------------
  1. Legal Notice
  2. Flow Summary
  3. Flow Settings
  4. Flow Non-Default Global Settings
  5. Flow Elapsed Time
  6. Flow OS Summary
  7. Flow Log



----------------
; Legal Notice ;
----------------
Copyright (C) 1991-2009 Altera Corporation
Your use of Altera Corporation's design tools, logic functions 
and other software and tools, and its AMPP partner logic 
functions, and any output files from any of the foregoing 
(including device programming or simulation files), and any 
associated documentation or information are expressly subject 
to the terms and conditions of the Altera Program License 
Subscription Agreement, Altera MegaCore Function License 
Agreement, or other applicable license agreement, including, 
without limitation, that your use is for the sole purpose of 
programming logic devices manufactured by Altera and sold by 
Altera or its authorized distributors.  Please refer to the 
applicable agreement for further details.



+-------------------------------------------------------------------------------+
; Flow Summary                                                                  ;
+------------------------------------+------------------------------------------+
; Flow Status                        ; Successful - Thu Jun 27 08:45:45 2024    ;
; Quartus II Version                 ; 9.0 Build 132 02/25/2009 SJ Full Version ;
; Revision Name                      ; multi_cycle                              ;
; Top-level Entity Name              ; multi_cycle                              ;
; Family                             ; Cyclone II                               ;
; Device                             ; EP2C35F672C6                             ;
; Timing Models                      ; Final                                    ;
; Met timing requirements            ; Yes                                      ;
; Total logic elements               ; 2,490 / 33,216 ( 7 % )                   ;
;     Total combinational functions  ; 1,684 / 33,216 ( 5 % )                   ;
;     Dedicated logic registers      ; 1,879 / 33,216 ( 6 % )                   ;
; Total registers                    ; 1879                                     ;
; Total pins                         ; 104 / 475 ( 22 % )                       ;
; Total virtual pins                 ; 0                                        ;
; Total memory bits                  ; 1,664 / 483,840 ( < 1 % )                ;
; Embedded Multiplier 9-bit elements ; 0 / 70 ( 0 % )                           ;
; Total PLLs                         ; 0 / 4 ( 0 % )                            ;
+------------------------------------+------------------------------------------+


+-----------------------------------------+
; Flow Settings                           ;
+-------------------+---------------------+
; Option            ; Setting             ;
+-------------------+---------------------+
; Start date & time ; 06/27/2024 08:45:14 ;
; Main task         ; Compilation         ;
; Revision Name     ; multi_cycle         ;
+-------------------+---------------------+


+--------------------------------------------------------------------------------------------------------------------+
; Flow Non-Default Global Settings                                                                                   ;
+------------------------------------+--------------------------------+---------------+-------------+----------------+
; Assignment Name                    ; Value                          ; Default Value ; Entity Name ; Section Id     ;
+------------------------------------+--------------------------------+---------------+-------------+----------------+
; COMPILER_SIGNATURE_ID              ; 10995770589196.171945271428320 ; --            ; --          ; --             ;
; MAX_CORE_JUNCTION_TEMP             ; 85                             ; --            ; --          ; --             ;
; MIN_CORE_JUNCTION_TEMP             ; 0                              ; --            ; --          ; --             ;
; PARTITION_COLOR                    ; 16764057                       ; --            ; --          ; Top            ;
; PARTITION_NETLIST_TYPE             ; SOURCE                         ; --            ; --          ; Top            ;
; USE_GENERATED_PHYSICAL_CONSTRAINTS ; Off                            ; --            ; --          ; eda_blast_fpga ;
+------------------------------------+--------------------------------+---------------+-------------+----------------+


+-----------------------------------------------------------------------------------------------------------------------------+
; Flow Elapsed Time                                                                                                           ;
+-------------------------+--------------+-------------------------+---------------------+------------------------------------+
; Module Name             ; Elapsed Time ; Average Processors Used ; Peak Virtual Memory ; Total CPU Time (on all processors) ;
+-------------------------+--------------+-------------------------+---------------------+------------------------------------+
; Analysis & Synthesis    ; 00:00:07     ; 1.0                     ; 245 MB              ; 00:00:01                           ;
; Fitter                  ; 00:00:13     ; 1.0                     ; 330 MB              ; 00:00:04                           ;
; Assembler               ; 00:00:03     ; 1.0                     ; 283 MB              ; 00:00:01                           ;
; Classic Timing Analyzer ; 00:00:01     ; 1.0                     ; 201 MB              ; 00:00:00                           ;
; Total                   ; 00:00:24     ; --                      ; --                  ; 00:00:06                           ;
+-------------------------+--------------+-------------------------+---------------------+------------------------------------+


+------------------------------------------------------------------------------------------+
; Flow OS Summary                                                                          ;
+-------------------------+------------------+---------------+------------+----------------+
; Module Name             ; Machine Hostname ; OS Name       ; OS Version ; Processor type ;
+-------------------------+------------------+---------------+------------+----------------+
; Analysis & Synthesis    ; MSI-NTL          ; Windows Vista ; 6.2        ; x86_64         ;
; Fitter                  ; MSI-NTL          ; Windows Vista ; 6.2        ; x86_64         ;
; Assembler               ; MSI-NTL          ; Windows Vista ; 6.2        ; x86_64         ;
; Classic Timing Analyzer ; MSI-NTL          ; Windows Vista ; 6.2        ; x86_64         ;
+-------------------------+------------------+---------------+------------+----------------+


------------
; Flow Log ;
------------
quartus_map --read_settings_files=on --write_settings_files=off multi_cycle -c multi_cycle
quartus_fit --read_settings_files=off --write_settings_files=off multi_cycle -c multi_cycle
quartus_asm --read_settings_files=off --write_settings_files=off multi_cycle -c multi_cycle
quartus_tan --read_settings_files=off --write_settings_files=off multi_cycle -c multi_cycle --timing_analysis_only



